<?xml version="1.0" encoding="UTF-8" ?>
<testsuite tests="42" failures="0" name="com.TestWithMaven.RunTest" time="4.98" errors="21" skipped="21">
  <properties>
    <property name="java.runtime.name" value="Java(TM) SE Runtime Environment"/>
    <property name="sun.boot.library.path" value="C:\Program Files\Java\jdk1.8.0_161\jre\bin"/>
    <property name="java.vm.version" value="25.161-b12"/>
    <property name="java.vm.vendor" value="Oracle Corporation"/>
    <property name="maven.multiModuleProjectDirectory" value="C:\Users\ALMakhalane\Desktop\Test\TestWithMaven"/>
    <property name="java.vendor.url" value="http://java.oracle.com/"/>
    <property name="path.separator" value=";"/>
    <property name="guice.disable.misplaced.annotation.check" value="true"/>
    <property name="java.vm.name" value="Java HotSpot(TM) 64-Bit Server VM"/>
    <property name="file.encoding.pkg" value="sun.io"/>
    <property name="user.script" value=""/>
    <property name="user.country" value="ZA"/>
    <property name="sun.java.launcher" value="SUN_STANDARD"/>
    <property name="sun.os.patch.level" value="Service Pack 1"/>
    <property name="java.vm.specification.name" value="Java Virtual Machine Specification"/>
    <property name="user.dir" value="C:\Users\ALMakhalane\Desktop\Test\TestWithMaven"/>
    <property name="java.runtime.version" value="1.8.0_161-b12"/>
    <property name="java.awt.graphicsenv" value="sun.awt.Win32GraphicsEnvironment"/>
    <property name="java.endorsed.dirs" value="C:\Program Files\Java\jdk1.8.0_161\jre\lib\endorsed"/>
    <property name="os.arch" value="amd64"/>
    <property name="java.io.tmpdir" value="C:\Users\ALMAKH~1\AppData\Local\Temp\"/>
    <property name="line.separator" value="
"/>
    <property name="java.vm.specification.vendor" value="Oracle Corporation"/>
    <property name="user.variant" value=""/>
    <property name="os.name" value="Windows 7"/>
    <property name="classworlds.conf" value="C:\Program Files\apache-maven-3.5.2\bin\..\bin\m2.conf"/>
    <property name="sun.jnu.encoding" value="Cp1252"/>
    <property name="java.library.path" value="C:\Program Files\Java\jdk1.8.0_161\bin;C:\WINDOWS\Sun\Java\bin;C:\WINDOWS\system32;C:\WINDOWS;C:\Program Files (x86)\Worksoft\Certify\Client;C:\Program Files (x86)\Worksoft\Certify\Interface Client\Worksoft\wsTest\ImageMatching\Opencv\x64\vc10\bin;C:\Program Files (x86)\Worksoft\Certify\Interface Client\Worksoft\wsTest\ImageMatching\Opencv\x86\vc10\bin;C:\WINDOWS\system32;C:\WINDOWS;C:\WINDOWS\System32\Wbem;C:\WINDOWS\System32\WindowsPowerShell\v1.0\;C:\Program Files (x86)\ZANTAZ\EAS Outlook Addin\bin;C:\Program Files (x86)\IBM\Client Access\Emulator;C:\Program Files (x86)\IBM\Client Access\Shared;C:\Program Files (x86)\IBM\Client Access\;C:\PROGRA~2\Worksoft\Certify\Client;C:\Program Files (x86)\HP\Unified Functional Testing\bin;C:\Program Files (x86)\Skype\Phone\;C:\Program Files\Git\cmd;C:\Program Files\Java\jdk1.8.0_161;C:\Program Files\apache-maven-3.5.2\bin;."/>
    <property name="maven.conf" value="C:\Program Files\apache-maven-3.5.2\bin\../conf"/>
    <property name="java.specification.name" value="Java Platform API Specification"/>
    <property name="java.class.version" value="52.0"/>
    <property name="sun.management.compiler" value="HotSpot 64-Bit Tiered Compilers"/>
    <property name="os.version" value="6.1"/>
    <property name="library.jansi.path" value="C:\Program Files\apache-maven-3.5.2\bin\..\lib\jansi-native"/>
    <property name="user.home" value="C:\Users\ALMakhalane"/>
    <property name="user.timezone" value="Africa/Harare"/>
    <property name="java.awt.printerjob" value="sun.awt.windows.WPrinterJob"/>
    <property name="java.specification.version" value="1.8"/>
    <property name="file.encoding" value="Cp1252"/>
    <property name="user.name" value="AlMakhalane"/>
    <property name="java.class.path" value="C:\Program Files\apache-maven-3.5.2\bin\..\boot\plexus-classworlds-2.5.2.jar"/>
    <property name="java.vm.specification.version" value="1.8"/>
    <property name="sun.arch.data.model" value="64"/>
    <property name="java.home" value="C:\Program Files\Java\jdk1.8.0_161\jre"/>
    <property name="sun.java.command" value="org.codehaus.plexus.classworlds.launcher.Launcher test"/>
    <property name="java.specification.vendor" value="Oracle Corporation"/>
    <property name="user.language" value="en"/>
    <property name="awt.toolkit" value="sun.awt.windows.WToolkit"/>
    <property name="java.vm.info" value="mixed mode"/>
    <property name="java.version" value="1.8.0_161"/>
    <property name="java.ext.dirs" value="C:\Program Files\Java\jdk1.8.0_161\jre\lib\ext;C:\WINDOWS\Sun\Java\lib\ext"/>
    <property name="sun.boot.class.path" value="C:\Program Files\Java\jdk1.8.0_161\jre\lib\resources.jar;C:\Program Files\Java\jdk1.8.0_161\jre\lib\rt.jar;C:\Program Files\Java\jdk1.8.0_161\jre\lib\sunrsasign.jar;C:\Program Files\Java\jdk1.8.0_161\jre\lib\jsse.jar;C:\Program Files\Java\jdk1.8.0_161\jre\lib\jce.jar;C:\Program Files\Java\jdk1.8.0_161\jre\lib\charsets.jar;C:\Program Files\Java\jdk1.8.0_161\jre\lib\jfr.jar;C:\Program Files\Java\jdk1.8.0_161\jre\classes;C:\Program Files (x86)\HP\Sprinter\bin\java_shared\classes;C:\Program Files (x86)\HP\Sprinter\\bin\java_shared\classes\jasmine.jar"/>
    <property name="sun.stderr.encoding" value="cp437"/>
    <property name="java.vendor" value="Oracle Corporation"/>
    <property name="maven.home" value="C:\Program Files\apache-maven-3.5.2\bin\.."/>
    <property name="file.separator" value="\"/>
    <property name="java.vendor.url.bug" value="http://bugreport.sun.com/bugreport/"/>
    <property name="sun.cpu.endian" value="little"/>
    <property name="sun.io.unicode.encoding" value="UnicodeLittle"/>
    <property name="sun.stdout.encoding" value="cp437"/>
    <property name="sun.desktop" value="windows"/>
    <property name="sun.cpu.isalist" value="amd64"/>
  </properties>
  <testcase classname="Scenario: Valid Login" name="Given the browser has started on the right link" time="0.062">
    <error type="java.lang.NullPointerException">java.lang.NullPointerException
	at com.TestWithMaven.Login._checkBrowser(Login.java:35)
	at com.TestWithMaven.Annotation.checkBrowser(Annotation.java:46)
	at ✽.Given the browser has started on the right link(1_Login.feature:3)
</error>
    <system-out>local chrome started...
Feature: Manager Login
</system-out>
    <system-err>java.lang.IllegalStateException: The driver executable does not exist: C:\Users\ALMakhalane\Desktop\Test\TestWithMaven\chromedriver.exe
	at com.google.common.base.Preconditions.checkState(Preconditions.java:534)
	at org.openqa.selenium.remote.service.DriverService.checkExecutable(DriverService.java:136)
	at org.openqa.selenium.remote.service.DriverService.findExecutable(DriverService.java:131)
	at org.openqa.selenium.chrome.ChromeDriverService.access$000(ChromeDriverService.java:32)
	at org.openqa.selenium.chrome.ChromeDriverService$Builder.findDefaultExecutable(ChromeDriverService.java:137)
	at org.openqa.selenium.remote.service.DriverService$Builder.build(DriverService.java:329)
	at org.openqa.selenium.chrome.ChromeDriverService.createDefaultService(ChromeDriverService.java:88)
	at org.openqa.selenium.chrome.ChromeDriver.&lt;init&gt;(ChromeDriver.java:124)
	at utils.BrowserFactory.startWebBrowser(BrowserFactory.java:42)
	at utils.BrowserFactory.OpenBrowser(BrowserFactory.java:15)
	at com.TestWithMaven.RunTest.start(RunTest.java:31)
	at sun.reflect.NativeMethodAccessorImpl.invoke0(Native Method)
	at sun.reflect.NativeMethodAccessorImpl.invoke(NativeMethodAccessorImpl.java:62)
	at sun.reflect.DelegatingMethodAccessorImpl.invoke(DelegatingMethodAccessorImpl.java:43)
	at java.lang.reflect.Method.invoke(Method.java:498)
	at org.junit.runners.model.FrameworkMethod$1.runReflectiveCall(FrameworkMethod.java:50)
	at org.junit.internal.runners.model.ReflectiveCallable.run(ReflectiveCallable.java:12)
	at org.junit.runners.model.FrameworkMethod.invokeExplosively(FrameworkMethod.java:47)
	at org.junit.internal.runners.statements.RunBefores.evaluate(RunBefores.java:24)
	at org.junit.internal.runners.statements.RunAfters.evaluate(RunAfters.java:27)
	at org.junit.runners.ParentRunner.run(ParentRunner.java:363)
	at cucumber.api.junit.Cucumber.run(Cucumber.java:100)
	at org.apache.maven.surefire.junit4.JUnit4Provider.execute(JUnit4Provider.java:252)
	at org.apache.maven.surefire.junit4.JUnit4Provider.executeTestSet(JUnit4Provider.java:141)
	at org.apache.maven.surefire.junit4.JUnit4Provider.invoke(JUnit4Provider.java:112)
	at sun.reflect.NativeMethodAccessorImpl.invoke0(Native Method)
	at sun.reflect.NativeMethodAccessorImpl.invoke(NativeMethodAccessorImpl.java:62)
	at sun.reflect.DelegatingMethodAccessorImpl.invoke(DelegatingMethodAccessorImpl.java:43)
	at java.lang.reflect.Method.invoke(Method.java:498)
	at org.apache.maven.surefire.util.ReflectionUtils.invokeMethodWithArray(ReflectionUtils.java:189)
	at org.apache.maven.surefire.booter.ProviderFactory$ProviderProxy.invoke(ProviderFactory.java:165)
	at org.apache.maven.surefire.booter.ProviderFactory.invokeProvider(ProviderFactory.java:85)
	at org.apache.maven.surefire.booter.ForkedBooter.runSuitesInProcess(ForkedBooter.java:115)
	at org.apache.maven.surefire.booter.ForkedBooter.main(ForkedBooter.java:75)
</system-err>
  </testcase>
  <testcase classname="Scenario: Valid Login" name="Scenario: Valid Login" time="0.062">
    <error type="java.lang.NullPointerException">java.lang.NullPointerException
	at com.TestWithMaven.Login._checkBrowser(Login.java:35)
	at com.TestWithMaven.Annotation.checkBrowser(Annotation.java:46)
	at ✽.Given the browser has started on the right link(1_Login.feature:3)
</error>
  </testcase>
  <testcase classname="Scenario: Valid Login" name="When the user enters &quot;mngr112006&quot; and &quot;upYvezA&quot;" time="0.062">
    <skipped/>
  </testcase>
  <testcase classname="Scenario: Valid Login" name="Then &quot;mngr112006&quot; is displayed on Manager page" time="0.062">
    <skipped/>
  </testcase>
  <testcase classname="Scenario: Open New Customer page" name="Given the browser has started on the right link" time="0">
    <error type="java.lang.NullPointerException">java.lang.NullPointerException
	at com.TestWithMaven.Login._checkBrowser(Login.java:35)
	at com.TestWithMaven.Annotation.checkBrowser(Annotation.java:46)
	at ✽.Given the browser has started on the right link(2_Customer.feature:5)
</error>
    <system-out>
  Scenario: Valid Login                             &amp;#27;[90m# 1_Login.feature:2&amp;#27;[0m
    &amp;#27;[31mGiven &amp;#27;[0m&amp;#27;[31mthe browser has started on the right link&amp;#27;[0m &amp;#27;[90m# Annotation.checkBrowser()&amp;#27;[0m
      &amp;#27;[31mjava.lang.NullPointerException
      	at com.TestWithMaven.Login._checkBrowser(Login.java:35)
      	at com.TestWithMaven.Annotation.checkBrowser(Annotation.java:46)
      	at ?.Given the browser has started on the right link(1_Login.feature:3)
      &amp;#27;[0m
    &amp;#27;[36mWhen &amp;#27;[0m&amp;#27;[36mthe user enters &quot;&amp;#27;[0m&amp;#27;[36m&amp;#27;[1mmngr112006&amp;#27;[0m&amp;#27;[36m&quot; and &quot;&amp;#27;[0m&amp;#27;[36m&amp;#27;[1mupYvezA&amp;#27;[0m&amp;#27;[36m&quot;&amp;#27;[0m &amp;#27;[90m# Annotation.login(String,String)&amp;#27;[0m
    &amp;#27;[36mThen &amp;#27;[0m&amp;#27;[36m&quot;&amp;#27;[0m&amp;#27;[36m&amp;#27;[1mmngr112006&amp;#27;[0m&amp;#27;[36m&quot; is displayed on Manager page&amp;#27;[0m  &amp;#27;[90m# Annotation.verifyLogin(String)&amp;#27;[0m
Feature: Bank Customer
  A bank manager should be able to create new customer and edit customer details
</system-out>
  </testcase>
  <testcase classname="Scenario: Open New Customer page" name="Scenario: Open New Customer page" time="0.016">
    <error type="java.lang.NullPointerException">java.lang.NullPointerException
	at com.TestWithMaven.Login._checkBrowser(Login.java:35)
	at com.TestWithMaven.Annotation.checkBrowser(Annotation.java:46)
	at ✽.Given the browser has started on the right link(2_Customer.feature:5)
</error>
  </testcase>
  <testcase classname="Scenario: Open New Customer page" name="When the user enters &quot;mngr112006&quot; and &quot;upYvezA&quot;" time="0.016">
    <skipped/>
  </testcase>
  <testcase classname="Scenario: Open New Customer page" name="Then the user lands on Welcome page" time="0.016">
    <skipped/>
  </testcase>
  <testcase classname="Scenario: Open New Customer page" name="And selects New Customer page" time="0.016">
    <skipped/>
  </testcase>
  <testcase classname="Scenario: Create a new Customer" name="Given the user is on the New Customer page" time="0">
    <error type="java.lang.NullPointerException">java.lang.NullPointerException
	at com.TestWithMaven.NewCustomer._verifyCustomerPage(NewCustomer.java:74)
	at com.TestWithMaven.Annotation.verifyNewCustomerPage(Annotation.java:86)
	at ✽.Given the user is on the New Customer page(2_Customer.feature:11)
</error>
    <system-out>
  Scenario: Open New Customer page                  &amp;#27;[90m# 2_Customer.feature:4&amp;#27;[0m
    &amp;#27;[31mGiven &amp;#27;[0m&amp;#27;[31mthe browser has started on the right link&amp;#27;[0m &amp;#27;[90m# Annotation.checkBrowser()&amp;#27;[0m
      &amp;#27;[31mjava.lang.NullPointerException
      	at com.TestWithMaven.Login._checkBrowser(Login.java:35)
      	at com.TestWithMaven.Annotation.checkBrowser(Annotation.java:46)
      	at ?.Given the browser has started on the right link(2_Customer.feature:5)
      &amp;#27;[0m
    &amp;#27;[36mWhen &amp;#27;[0m&amp;#27;[36mthe user enters &quot;&amp;#27;[0m&amp;#27;[36m&amp;#27;[1mmngr112006&amp;#27;[0m&amp;#27;[36m&quot; and &quot;&amp;#27;[0m&amp;#27;[36m&amp;#27;[1mupYvezA&amp;#27;[0m&amp;#27;[36m&quot;&amp;#27;[0m &amp;#27;[90m# Annotation.login(String,String)&amp;#27;[0m
    &amp;#27;[36mThen &amp;#27;[0m&amp;#27;[36mthe user lands on Welcome page&amp;#27;[0m             &amp;#27;[90m# Annotation.verifyManager()&amp;#27;[0m
    &amp;#27;[36mAnd &amp;#27;[0m&amp;#27;[36mselects New Customer page&amp;#27;[0m                   &amp;#27;[90m# Annotation.newCustomer()&amp;#27;[0m
</system-out>
  </testcase>
  <testcase classname="Scenario: Create a new Customer" name="Scenario: Create a new Customer" time="0">
    <error type="java.lang.NullPointerException">java.lang.NullPointerException
	at com.TestWithMaven.NewCustomer._verifyCustomerPage(NewCustomer.java:74)
	at com.TestWithMaven.Annotation.verifyNewCustomerPage(Annotation.java:86)
	at ✽.Given the user is on the New Customer page(2_Customer.feature:11)
</error>
  </testcase>
  <testcase classname="Scenario: Create a new Customer" name="When the user enters customer details" time="0">
    <skipped/>
  </testcase>
  <testcase classname="Scenario: Create a new Customer" name="Then customer is created successfully" time="0">
    <skipped/>
  </testcase>
  <testcase classname="Scenario: Edit Customer details" name="Given the user is on the Edit Customer page" time="0">
    <error type="java.lang.NullPointerException">java.lang.NullPointerException
	at org.openqa.selenium.support.pagefactory.DefaultElementLocator.findElement(DefaultElementLocator.java:69)
	at org.openqa.selenium.support.pagefactory.internal.LocatingElementHandler.invoke(LocatingElementHandler.java:38)
	at com.sun.proxy.$Proxy18.getText(Unknown Source)
	at com.TestWithMaven.EditCustomer._saveCustomerID(EditCustomer.java:170)
	at com.TestWithMaven.Annotation.editCustomer(Annotation.java:124)
	at ✽.Given the user is on the Edit Customer page(2_Customer.feature:17)
</error>
    <system-out>
  Scenario: Create a new Customer              &amp;#27;[90m# 2_Customer.feature:10&amp;#27;[0m
    &amp;#27;[31mGiven &amp;#27;[0m&amp;#27;[31mthe user is on the New Customer page&amp;#27;[0m &amp;#27;[90m# Annotation.verifyNewCustomerPage()&amp;#27;[0m
      &amp;#27;[31mjava.lang.NullPointerException
      	at com.TestWithMaven.NewCustomer._verifyCustomerPage(NewCustomer.java:74)
      	at com.TestWithMaven.Annotation.verifyNewCustomerPage(Annotation.java:86)
      	at ?.Given the user is on the New Customer page(2_Customer.feature:11)
      &amp;#27;[0m
    &amp;#27;[36mWhen &amp;#27;[0m&amp;#27;[36mthe user enters customer details&amp;#27;[0m      &amp;#27;[90m# Annotation.addCustomerDetails(DataTable)&amp;#27;[0m
    &amp;#27;[36mThen &amp;#27;[0m&amp;#27;[36mcustomer is created successfully&amp;#27;[0m      &amp;#27;[90m# Annotation.validateNewCustomer()&amp;#27;[0m
</system-out>
  </testcase>
  <testcase classname="Scenario: Edit Customer details" name="Scenario: Edit Customer details" time="0">
    <error type="java.lang.NullPointerException">java.lang.NullPointerException
	at org.openqa.selenium.support.pagefactory.DefaultElementLocator.findElement(DefaultElementLocator.java:69)
	at org.openqa.selenium.support.pagefactory.internal.LocatingElementHandler.invoke(LocatingElementHandler.java:38)
	at com.sun.proxy.$Proxy18.getText(Unknown Source)
	at com.TestWithMaven.EditCustomer._saveCustomerID(EditCustomer.java:170)
	at com.TestWithMaven.Annotation.editCustomer(Annotation.java:124)
	at ✽.Given the user is on the Edit Customer page(2_Customer.feature:17)
</error>
  </testcase>
  <testcase classname="Scenario: Edit Customer details" name="When the user searches for customer and edits details" time="0">
    <skipped/>
  </testcase>
  <testcase classname="Scenario: Edit Customer details" name="Then customer details are edited" time="0">
    <skipped/>
  </testcase>
  <testcase classname="Scenario: Create and Edit Account" name="Given the browser has started on the right link" time="0">
    <error type="java.lang.NullPointerException">java.lang.NullPointerException
	at com.TestWithMaven.Login._checkBrowser(Login.java:35)
	at com.TestWithMaven.Annotation.checkBrowser(Annotation.java:46)
	at ✽.Given the browser has started on the right link(3_Account.feature:4)
</error>
    <system-out>
  Scenario: Edit Customer details                         &amp;#27;[90m# 2_Customer.feature:16&amp;#27;[0m
    &amp;#27;[31mGiven &amp;#27;[0m&amp;#27;[31mthe user is on the Edit Customer page&amp;#27;[0m           &amp;#27;[90m# Annotation.editCustomer()&amp;#27;[0m
      &amp;#27;[31mjava.lang.NullPointerException
      	at org.openqa.selenium.support.pagefactory.DefaultElementLocator.findElement(DefaultElementLocator.java:69)
      	at org.openqa.selenium.support.pagefactory.internal.LocatingElementHandler.invoke(LocatingElementHandler.java:38)
      	at com.sun.proxy.$Proxy18.getText(Unknown Source)
      	at com.TestWithMaven.EditCustomer._saveCustomerID(EditCustomer.java:170)
      	at com.TestWithMaven.Annotation.editCustomer(Annotation.java:124)
      	at ?.Given the user is on the Edit Customer page(2_Customer.feature:17)
      &amp;#27;[0m
    &amp;#27;[36mWhen &amp;#27;[0m&amp;#27;[36mthe user searches for customer and edits details&amp;#27;[0m &amp;#27;[90m# Annotation.editCustomerDetails(DataTable)&amp;#27;[0m
    &amp;#27;[36mThen &amp;#27;[0m&amp;#27;[36mcustomer details are edited&amp;#27;[0m                      &amp;#27;[90m# Annotation._validateCustEdit()&amp;#27;[0m
Feature: Bank Account
</system-out>
  </testcase>
  <testcase classname="Scenario: Create and Edit Account" name="Scenario: Create and Edit Account" time="0">
    <error type="java.lang.NullPointerException">java.lang.NullPointerException
	at com.TestWithMaven.Login._checkBrowser(Login.java:35)
	at com.TestWithMaven.Annotation.checkBrowser(Annotation.java:46)
	at ✽.Given the browser has started on the right link(3_Account.feature:4)
</error>
  </testcase>
  <testcase classname="Scenario: Create and Edit Account" name="When the user enters &quot;mngr112006&quot; and &quot;upYvezA&quot;" time="0">
    <skipped/>
  </testcase>
  <testcase classname="Scenario: Create and Edit Account" name="Then the user opens new Account page" time="0">
    <skipped/>
  </testcase>
  <testcase classname="Scenario: Create and Edit Account" name="And creates &quot;Current&quot; account and deposits &quot;500&quot;" time="0">
    <skipped/>
  </testcase>
  <testcase classname="Scenario: Create and Edit Account" name="And opens edit Account page" time="0">
    <skipped/>
  </testcase>
  <testcase classname="Scenario: Create and Edit Account" name="And Changes Bank Account Type to &quot;Savings&quot;" time="0">
    <skipped/>
  </testcase>
  <testcase classname="Scenario: Deposit Cash in Accountt" name="Given the browser has started on the right link" time="0">
    <error type="java.lang.NullPointerException">java.lang.NullPointerException
	at com.TestWithMaven.Login._checkBrowser(Login.java:35)
	at com.TestWithMaven.Annotation.checkBrowser(Annotation.java:46)
	at ✽.Given the browser has started on the right link(3_Account.feature:12)
</error>
    <system-out>
  Scenario: Create and Edit Account                  &amp;#27;[90m# 3_Account.feature:3&amp;#27;[0m
    &amp;#27;[31mGiven &amp;#27;[0m&amp;#27;[31mthe browser has started on the right link&amp;#27;[0m  &amp;#27;[90m# Annotation.checkBrowser()&amp;#27;[0m
      &amp;#27;[31mjava.lang.NullPointerException
      	at com.TestWithMaven.Login._checkBrowser(Login.java:35)
      	at com.TestWithMaven.Annotation.checkBrowser(Annotation.java:46)
      	at ?.Given the browser has started on the right link(3_Account.feature:4)
      &amp;#27;[0m
    &amp;#27;[36mWhen &amp;#27;[0m&amp;#27;[36mthe user enters &quot;&amp;#27;[0m&amp;#27;[36m&amp;#27;[1mmngr112006&amp;#27;[0m&amp;#27;[36m&quot; and &quot;&amp;#27;[0m&amp;#27;[36m&amp;#27;[1mupYvezA&amp;#27;[0m&amp;#27;[36m&quot;&amp;#27;[0m  &amp;#27;[90m# Annotation.login(String,String)&amp;#27;[0m
    &amp;#27;[36mThen &amp;#27;[0m&amp;#27;[36mthe user opens new Account page&amp;#27;[0m             &amp;#27;[90m# Annotation._openNewAccountPage()&amp;#27;[0m
    &amp;#27;[36mAnd &amp;#27;[0m&amp;#27;[36mcreates &quot;&amp;#27;[0m&amp;#27;[36m&amp;#27;[1mCurrent&amp;#27;[0m&amp;#27;[36m&quot; account and deposits &quot;&amp;#27;[0m&amp;#27;[36m&amp;#27;[1m500&amp;#27;[0m&amp;#27;[36m&quot;&amp;#27;[0m &amp;#27;[90m# Annotation._createAccount(String,String)&amp;#27;[0m
    &amp;#27;[36mAnd &amp;#27;[0m&amp;#27;[36mopens edit Account page&amp;#27;[0m                      &amp;#27;[90m# Annotation._openEditAccountPage()&amp;#27;[0m
    &amp;#27;[36mAnd &amp;#27;[0m&amp;#27;[36mChanges Bank Account Type to &quot;&amp;#27;[0m&amp;#27;[36m&amp;#27;[1mSavings&amp;#27;[0m&amp;#27;[36m&quot;&amp;#27;[0m       &amp;#27;[90m# Annotation._editBankAccount(String)&amp;#27;[0m
</system-out>
  </testcase>
  <testcase classname="Scenario: Deposit Cash in Accountt" name="Scenario: Deposit Cash in Accountt" time="0">
    <error type="java.lang.NullPointerException">java.lang.NullPointerException
	at com.TestWithMaven.Login._checkBrowser(Login.java:35)
	at com.TestWithMaven.Annotation.checkBrowser(Annotation.java:46)
	at ✽.Given the browser has started on the right link(3_Account.feature:12)
</error>
  </testcase>
  <testcase classname="Scenario: Deposit Cash in Accountt" name="When the user enters &quot;mngr112006&quot; and &quot;upYvezA&quot;" time="0">
    <skipped/>
  </testcase>
  <testcase classname="Scenario: Deposit Cash in Accountt" name="Then the user opens Deposit page" time="0">
    <skipped/>
  </testcase>
  <testcase classname="Scenario: Deposit Cash in Accountt" name="And deposits &quot;500&quot; into new &quot;BankAccount&quot;" time="0">
    <skipped/>
  </testcase>
  <testcase classname="Scenario: Withdraw Cash from Account" name="When the user opens Withdrawal page" time="0">
    <error type="java.lang.NullPointerException">java.lang.NullPointerException
	at org.openqa.selenium.support.pagefactory.DefaultElementLocator.findElement(DefaultElementLocator.java:69)
	at org.openqa.selenium.support.pagefactory.internal.LocatingElementHandler.invoke(LocatingElementHandler.java:38)
	at com.sun.proxy.$Proxy18.click(Unknown Source)
	at com.TestWithMaven.Withdraw._openWithdrawalPage(Withdraw.java:34)
	at com.TestWithMaven.Annotation._openWithdrawalPage(Annotation.java:238)
	at ✽.When the user opens Withdrawal page(3_Account.feature:18)
</error>
    <system-out>
  Scenario: Deposit Cash in Accountt                &amp;#27;[90m# 3_Account.feature:11&amp;#27;[0m
    &amp;#27;[31mGiven &amp;#27;[0m&amp;#27;[31mthe browser has started on the right link&amp;#27;[0m &amp;#27;[90m# Annotation.checkBrowser()&amp;#27;[0m
      &amp;#27;[31mjava.lang.NullPointerException
      	at com.TestWithMaven.Login._checkBrowser(Login.java:35)
      	at com.TestWithMaven.Annotation.checkBrowser(Annotation.java:46)
      	at ?.Given the browser has started on the right link(3_Account.feature:12)
      &amp;#27;[0m
    &amp;#27;[36mWhen &amp;#27;[0m&amp;#27;[36mthe user enters &quot;&amp;#27;[0m&amp;#27;[36m&amp;#27;[1mmngr112006&amp;#27;[0m&amp;#27;[36m&quot; and &quot;&amp;#27;[0m&amp;#27;[36m&amp;#27;[1mupYvezA&amp;#27;[0m&amp;#27;[36m&quot;&amp;#27;[0m &amp;#27;[90m# Annotation.login(String,String)&amp;#27;[0m
    &amp;#27;[36mThen &amp;#27;[0m&amp;#27;[36mthe user opens Deposit page&amp;#27;[0m                &amp;#27;[90m# Annotation._openDepositPage()&amp;#27;[0m
    &amp;#27;[36mAnd &amp;#27;[0m&amp;#27;[36mdeposits &quot;&amp;#27;[0m&amp;#27;[36m&amp;#27;[1m500&amp;#27;[0m&amp;#27;[36m&quot; into new &quot;&amp;#27;[0m&amp;#27;[36m&amp;#27;[1mBankAccount&amp;#27;[0m&amp;#27;[36m&quot;&amp;#27;[0m       &amp;#27;[90m# Annotation._depositCash(String,String)&amp;#27;[0m
</system-out>
  </testcase>
  <testcase classname="Scenario: Withdraw Cash from Account" name="Scenario: Withdraw Cash from Account" time="0">
    <error type="java.lang.NullPointerException">java.lang.NullPointerException
	at org.openqa.selenium.support.pagefactory.DefaultElementLocator.findElement(DefaultElementLocator.java:69)
	at org.openqa.selenium.support.pagefactory.internal.LocatingElementHandler.invoke(LocatingElementHandler.java:38)
	at com.sun.proxy.$Proxy18.click(Unknown Source)
	at com.TestWithMaven.Withdraw._openWithdrawalPage(Withdraw.java:34)
	at com.TestWithMaven.Annotation._openWithdrawalPage(Annotation.java:238)
	at ✽.When the user opens Withdrawal page(3_Account.feature:18)
</error>
  </testcase>
  <testcase classname="Scenario: Withdraw Cash from Account" name="Then the user withdraws &quot;200&quot; from Bank Account for &quot;Petrol&quot;" time="0">
    <skipped/>
  </testcase>
  <testcase classname="Scenario: Transfer Cash to different account" name="When the user opens Fund Transfer page" time="0">
    <error type="java.lang.NullPointerException">java.lang.NullPointerException
	at org.openqa.selenium.support.pagefactory.DefaultElementLocator.findElement(DefaultElementLocator.java:69)
	at org.openqa.selenium.support.pagefactory.internal.LocatingElementHandler.invoke(LocatingElementHandler.java:38)
	at com.sun.proxy.$Proxy18.click(Unknown Source)
	at com.TestWithMaven.FundTransfer._openFundTransferPage(FundTransfer.java:39)
	at com.TestWithMaven.Annotation._openFundTranserPage(Annotation.java:256)
	at ✽.When the user opens Fund Transfer page(3_Account.feature:22)
</error>
    <system-out>
  Scenario: Withdraw Cash from Account                           &amp;#27;[90m# 3_Account.feature:17&amp;#27;[0m
    &amp;#27;[31mWhen &amp;#27;[0m&amp;#27;[31mthe user opens Withdrawal page&amp;#27;[0m                          &amp;#27;[90m# Annotation._openWithdrawalPage()&amp;#27;[0m
      &amp;#27;[31mjava.lang.NullPointerException
      	at org.openqa.selenium.support.pagefactory.DefaultElementLocator.findElement(DefaultElementLocator.java:69)
      	at org.openqa.selenium.support.pagefactory.internal.LocatingElementHandler.invoke(LocatingElementHandler.java:38)
      	at com.sun.proxy.$Proxy18.click(Unknown Source)
      	at com.TestWithMaven.Withdraw._openWithdrawalPage(Withdraw.java:34)
      	at com.TestWithMaven.Annotation._openWithdrawalPage(Annotation.java:238)
      	at ?.When the user opens Withdrawal page(3_Account.feature:18)
      &amp;#27;[0m
    &amp;#27;[36mThen &amp;#27;[0m&amp;#27;[36mthe user withdraws &quot;&amp;#27;[0m&amp;#27;[36m&amp;#27;[1m200&amp;#27;[0m&amp;#27;[36m&quot; from Bank Account for &quot;&amp;#27;[0m&amp;#27;[36m&amp;#27;[1mPetrol&amp;#27;[0m&amp;#27;[36m&quot;&amp;#27;[0m &amp;#27;[90m# Annotation._withdrawCash(String,String)&amp;#27;[0m
</system-out>
  </testcase>
  <testcase classname="Scenario: Transfer Cash to different account" name="Scenario: Transfer Cash to different account" time="0">
    <error type="java.lang.NullPointerException">java.lang.NullPointerException
	at org.openqa.selenium.support.pagefactory.DefaultElementLocator.findElement(DefaultElementLocator.java:69)
	at org.openqa.selenium.support.pagefactory.internal.LocatingElementHandler.invoke(LocatingElementHandler.java:38)
	at com.sun.proxy.$Proxy18.click(Unknown Source)
	at com.TestWithMaven.FundTransfer._openFundTransferPage(FundTransfer.java:39)
	at com.TestWithMaven.Annotation._openFundTranserPage(Annotation.java:256)
	at ✽.When the user opens Fund Transfer page(3_Account.feature:22)
</error>
  </testcase>
  <testcase classname="Scenario: Transfer Cash to different account" name="Then From Account &quot;36572&quot; transfers &quot;100&quot; to &quot;Wife&apos;s Account&quot;" time="0">
    <skipped/>
  </testcase>
  <testcase classname="Scenario: Check balance" name="When the user opens Balance Enquiry Page" time="0">
    <error type="java.lang.NullPointerException">java.lang.NullPointerException
	at org.openqa.selenium.support.pagefactory.DefaultElementLocator.findElement(DefaultElementLocator.java:69)
	at org.openqa.selenium.support.pagefactory.internal.LocatingElementHandler.invoke(LocatingElementHandler.java:38)
	at com.sun.proxy.$Proxy18.click(Unknown Source)
	at com.TestWithMaven.BalanceEnquiry._openBalanceEnquiryPage(BalanceEnquiry.java:27)
	at com.TestWithMaven.Annotation._openBalanceEnquiry(Annotation.java:272)
	at ✽.When the user opens Balance Enquiry Page(3_Account.feature:26)
</error>
    <system-out>
  Scenario: Transfer Cash to different account                    &amp;#27;[90m# 3_Account.feature:21&amp;#27;[0m
    &amp;#27;[31mWhen &amp;#27;[0m&amp;#27;[31mthe user opens Fund Transfer page&amp;#27;[0m                        &amp;#27;[90m# Annotation._openFundTranserPage()&amp;#27;[0m
      &amp;#27;[31mjava.lang.NullPointerException
      	at org.openqa.selenium.support.pagefactory.DefaultElementLocator.findElement(DefaultElementLocator.java:69)
      	at org.openqa.selenium.support.pagefactory.internal.LocatingElementHandler.invoke(LocatingElementHandler.java:38)
      	at com.sun.proxy.$Proxy18.click(Unknown Source)
      	at com.TestWithMaven.FundTransfer._openFundTransferPage(FundTransfer.java:39)
      	at com.TestWithMaven.Annotation._openFundTranserPage(Annotation.java:256)
      	at ?.When the user opens Fund Transfer page(3_Account.feature:22)
      &amp;#27;[0m
    &amp;#27;[36mThen &amp;#27;[0m&amp;#27;[36mFrom Account &quot;&amp;#27;[0m&amp;#27;[36m&amp;#27;[1m36572&amp;#27;[0m&amp;#27;[36m&quot; transfers &quot;&amp;#27;[0m&amp;#27;[36m&amp;#27;[1m100&amp;#27;[0m&amp;#27;[36m&quot; to &quot;&amp;#27;[0m&amp;#27;[36m&amp;#27;[1mWife&apos;s Account&amp;#27;[0m&amp;#27;[36m&quot;&amp;#27;[0m &amp;#27;[90m# Annotation._transferCash(String,String,String)&amp;#27;[0m
</system-out>
  </testcase>
  <testcase classname="Scenario: Check balance" name="Scenario: Check balance" time="0">
    <error type="java.lang.NullPointerException">java.lang.NullPointerException
	at org.openqa.selenium.support.pagefactory.DefaultElementLocator.findElement(DefaultElementLocator.java:69)
	at org.openqa.selenium.support.pagefactory.internal.LocatingElementHandler.invoke(LocatingElementHandler.java:38)
	at com.sun.proxy.$Proxy18.click(Unknown Source)
	at com.TestWithMaven.BalanceEnquiry._openBalanceEnquiryPage(BalanceEnquiry.java:27)
	at com.TestWithMaven.Annotation._openBalanceEnquiry(Annotation.java:272)
	at ✽.When the user opens Balance Enquiry Page(3_Account.feature:26)
</error>
  </testcase>
  <testcase classname="Scenario: Check balance" name="Then Checks Balance Enquiry" time="0">
    <skipped/>
  </testcase>
  <testcase classname="Scenario: View Mini Statement" name="When the user opens Mini Statement" time="0">
    <error type="java.lang.NullPointerException">java.lang.NullPointerException
	at org.openqa.selenium.support.pagefactory.DefaultElementLocator.findElement(DefaultElementLocator.java:69)
	at org.openqa.selenium.support.pagefactory.internal.LocatingElementHandler.invoke(LocatingElementHandler.java:38)
	at com.sun.proxy.$Proxy18.click(Unknown Source)
	at com.TestWithMaven.MiniStatement._openMiniStatementPage(MiniStatement.java:27)
	at com.TestWithMaven.Annotation._openMiniEnquiry(Annotation.java:289)
	at ✽.When the user opens Mini Statement(3_Account.feature:30)
</error>
    <system-out>
  Scenario: Check balance                    &amp;#27;[90m# 3_Account.feature:25&amp;#27;[0m
    &amp;#27;[31mWhen &amp;#27;[0m&amp;#27;[31mthe user opens Balance Enquiry Page&amp;#27;[0m &amp;#27;[90m# Annotation._openBalanceEnquiry()&amp;#27;[0m
      &amp;#27;[31mjava.lang.NullPointerException
      	at org.openqa.selenium.support.pagefactory.DefaultElementLocator.findElement(DefaultElementLocator.java:69)
      	at org.openqa.selenium.support.pagefactory.internal.LocatingElementHandler.invoke(LocatingElementHandler.java:38)
      	at com.sun.proxy.$Proxy18.click(Unknown Source)
      	at com.TestWithMaven.BalanceEnquiry._openBalanceEnquiryPage(BalanceEnquiry.java:27)
      	at com.TestWithMaven.Annotation._openBalanceEnquiry(Annotation.java:272)
      	at ?.When the user opens Balance Enquiry Page(3_Account.feature:26)
      &amp;#27;[0m
    &amp;#27;[36mThen &amp;#27;[0m&amp;#27;[36mChecks Balance Enquiry&amp;#27;[0m              &amp;#27;[90m# Annotation._checkBalanceEnquiry()&amp;#27;[0m
</system-out>
  </testcase>
  <testcase classname="Scenario: View Mini Statement" name="Scenario: View Mini Statement" time="0">
    <error type="java.lang.NullPointerException">java.lang.NullPointerException
	at org.openqa.selenium.support.pagefactory.DefaultElementLocator.findElement(DefaultElementLocator.java:69)
	at org.openqa.selenium.support.pagefactory.internal.LocatingElementHandler.invoke(LocatingElementHandler.java:38)
	at com.sun.proxy.$Proxy18.click(Unknown Source)
	at com.TestWithMaven.MiniStatement._openMiniStatementPage(MiniStatement.java:27)
	at com.TestWithMaven.Annotation._openMiniEnquiry(Annotation.java:289)
	at ✽.When the user opens Mini Statement(3_Account.feature:30)
</error>
  </testcase>
  <testcase classname="Scenario: View Mini Statement" name="Then Checks Mini Statement" time="0">
    <skipped/>
  </testcase>
  <testcase classname="com.TestWithMaven.RunTest" name="com.TestWithMaven.RunTest" time="4.668">
    <error type="java.lang.NullPointerException">java.lang.NullPointerException
	at utils.BrowserFactory.closeBrowser(BrowserFactory.java:27)
	at com.TestWithMaven.RunTest.stop(RunTest.java:46)
	at sun.reflect.NativeMethodAccessorImpl.invoke0(Native Method)
	at sun.reflect.NativeMethodAccessorImpl.invoke(NativeMethodAccessorImpl.java:62)
	at sun.reflect.DelegatingMethodAccessorImpl.invoke(DelegatingMethodAccessorImpl.java:43)
	at java.lang.reflect.Method.invoke(Method.java:498)
	at org.junit.runners.model.FrameworkMethod$1.runReflectiveCall(FrameworkMethod.java:50)
	at org.junit.internal.runners.model.ReflectiveCallable.run(ReflectiveCallable.java:12)
	at org.junit.runners.model.FrameworkMethod.invokeExplosively(FrameworkMethod.java:47)
	at org.junit.internal.runners.statements.RunAfters.evaluate(RunAfters.java:33)
	at org.junit.runners.ParentRunner.run(ParentRunner.java:363)
	at cucumber.api.junit.Cucumber.run(Cucumber.java:100)
	at org.apache.maven.surefire.junit4.JUnit4Provider.execute(JUnit4Provider.java:252)
	at org.apache.maven.surefire.junit4.JUnit4Provider.executeTestSet(JUnit4Provider.java:141)
	at org.apache.maven.surefire.junit4.JUnit4Provider.invoke(JUnit4Provider.java:112)
	at sun.reflect.NativeMethodAccessorImpl.invoke0(Native Method)
	at sun.reflect.NativeMethodAccessorImpl.invoke(NativeMethodAccessorImpl.java:62)
	at sun.reflect.DelegatingMethodAccessorImpl.invoke(DelegatingMethodAccessorImpl.java:43)
	at java.lang.reflect.Method.invoke(Method.java:498)
	at org.apache.maven.surefire.util.ReflectionUtils.invokeMethodWithArray(ReflectionUtils.java:189)
	at org.apache.maven.surefire.booter.ProviderFactory$ProviderProxy.invoke(ProviderFactory.java:165)
	at org.apache.maven.surefire.booter.ProviderFactory.invokeProvider(ProviderFactory.java:85)
	at org.apache.maven.surefire.booter.ForkedBooter.runSuitesInProcess(ForkedBooter.java:115)
	at org.apache.maven.surefire.booter.ForkedBooter.main(ForkedBooter.java:75)
</error>
    <system-out>
  Scenario: View Mini Statement        &amp;#27;[90m# 3_Account.feature:29&amp;#27;[0m
    &amp;#27;[31mWhen &amp;#27;[0m&amp;#27;[31mthe user opens Mini Statement&amp;#27;[0m &amp;#27;[90m# Annotation._openMiniEnquiry()&amp;#27;[0m
      &amp;#27;[31mjava.lang.NullPointerException
      	at org.openqa.selenium.support.pagefactory.DefaultElementLocator.findElement(DefaultElementLocator.java:69)
      	at org.openqa.selenium.support.pagefactory.internal.LocatingElementHandler.invoke(LocatingElementHandler.java:38)
      	at com.sun.proxy.$Proxy18.click(Unknown Source)
      	at com.TestWithMaven.MiniStatement._openMiniStatementPage(MiniStatement.java:27)
      	at com.TestWithMaven.Annotation._openMiniEnquiry(Annotation.java:289)
      	at ?.When the user opens Mini Statement(3_Account.feature:30)
      &amp;#27;[0m
    &amp;#27;[36mThen &amp;#27;[0m&amp;#27;[36mChecks Mini Statement&amp;#27;[0m         &amp;#27;[90m# Annotation._checkMiniStatement()&amp;#27;[0m
</system-out>
  </testcase>
</testsuite>